\BOOKMARK [1][-]{section.1}{\376\377\000I\000n\000t\000r\000o\000d\000u\000c\000t\000i\000o\000n}{}% 1
\BOOKMARK [1][-]{section.2}{\376\377\000R\000e\000v\000i\000e\000w\000\040\000o\000f\000\040\000t\000h\000e\000\040\000c\000o\000n\000t\000r\000o\000l\000\040\000s\000y\000s\000t\000e\000m\000s\000\040\000d\000e\000v\000e\000l\000o\000p\000e\000d\000\040\000f\000o\000r\000\040\000r\000e\000s\000o\000n\000a\000n\000c\000e\000-\000b\000a\000s\000e\000d\000\040\000f\000a\000t\000i\000g\000u\000e\000\040\000a\000n\000a\000l\000y\000s\000i\000s\000\040\000m\000a\000c\000h\000i\000n\000e\000s}{}% 2
\BOOKMARK [2][-]{subsection.2.1}{\376\377\000F\000r\000e\000q\000u\000e\000n\000c\000y\000\040\000s\000e\000e\000k\000i\000n\000g\000\040\000a\000n\000d\000\040\000t\000r\000a\000c\000k\000i\000n\000g}{section.2}% 3
\BOOKMARK [3][-]{subsubsection.2.1.1}{\376\377\000M\000o\000d\000e\000l\000i\000n\000g\000\040\000o\000f\000\040\000t\000h\000e\000\040\000r\000e\000s\000o\000n\000a\000n\000c\000e\000\040\000d\000y\000n\000a\000m\000i\000c\000s}{subsection.2.1}% 4
\BOOKMARK [3][-]{subsubsection.2.1.2}{\376\377\000P\000h\000a\000s\000e\000\040\000t\000r\000a\000c\000k\000i\000n\000g\000\040\000c\000o\000n\000t\000r\000o\000l\000l\000e\000r}{subsection.2.1}% 5
\BOOKMARK [3][-]{subsubsection.2.1.3}{\376\377\000P\000h\000a\000s\000e\000\040\000d\000e\000t\000e\000c\000t\000i\000o\000n}{subsection.2.1}% 6
\BOOKMARK [2][-]{subsection.2.2}{\376\377\000D\000i\000s\000p\000l\000a\000c\000e\000m\000e\000n\000t\000\040\000t\000r\000a\000c\000k\000i\000n\000g}{section.2}% 7
\BOOKMARK [2][-]{subsection.2.3}{\376\377\000I\000n\000s\000t\000r\000u\000m\000e\000n\000t\000a\000t\000i\000o\000n}{section.2}% 8
\BOOKMARK [1][-]{section.3}{\376\377\000T\000h\000e\000\040\000p\000r\000o\000p\000o\000s\000e\000d\000\040\000m\000e\000t\000h\000o\000d\000:\000\040\000s\000l\000i\000d\000i\000n\000g\000-\000m\000o\000d\000e\000\040\000c\000o\000n\000t\000r\000o\000l\000\040\000s\000y\000s\000t\000e\000m}{}% 9
\BOOKMARK [2][-]{subsection.3.1}{\376\377\000C\000o\000n\000t\000r\000o\000l\000-\000o\000r\000i\000e\000n\000t\000e\000d\000\040\000m\000o\000d\000e\000l}{section.3}% 10
\BOOKMARK [3][-]{subsubsection.3.1.1}{\376\377\000F\000r\000e\000q\000u\000e\000n\000c\000y\000\040\000t\000o\000\040\000p\000h\000a\000s\000e\000\040\000m\000o\000d\000e\000l\000\040\000\050\000u\0001\000=\000z\0002\000=\000\051}{subsection.3.1}% 11
\BOOKMARK [3][-]{subsubsection.3.1.2}{\376\377\000F\000o\000r\000c\000e\000\040\000a\000m\000p\000l\000i\000t\000u\000d\000e\000\040\000t\000o\000\040\000r\000e\000s\000o\000n\000a\000n\000c\000e\000\040\000a\000m\000p\000l\000i\000t\000u\000d\000e\000\040\000m\000o\000d\000e\000l\000\040\000\050\000u\0002\000=\000a\000\040\000z\0002\000=\000T\000d\000\050\000x\0001\000\050\000t\000\051\000\051\000\051}{subsection.3.1}% 12
\BOOKMARK [2][-]{subsection.3.2}{\376\377\000T\000w\000i\000s\000t\000i\000n\000g\000\040\000c\000o\000n\000t\000r\000o\000l\000l\000e\000r\000\040\000d\000e\000s\000i\000g\000n}{section.3}% 13
\BOOKMARK [3][-]{subsubsection.3.2.1}{\376\377\000T\000C\000\040\000f\000o\000r\000\040\000t\000h\000e\000\040\000p\000h\000a\000s\000e\000\040\000t\000r\000a\000c\000k\000i\000n\000g}{subsection.3.2}% 14
\BOOKMARK [3][-]{subsubsection.3.2.2}{\376\377\000T\000C\000\040\000f\000o\000r\000\040\000t\000h\000e\000\040\000a\000m\000p\000l\000i\000t\000u\000d\000e\000\040\000t\000r\000a\000c\000k\000i\000n\000g}{subsection.3.2}% 15
\BOOKMARK [1][-]{section.4}{\376\377\000N\000u\000m\000e\000r\000i\000c\000a\000l\000\040\000s\000i\000m\000u\000l\000a\000t\000i\000o\000n\000s}{}% 16
\BOOKMARK [2][-]{subsection.4.1}{\376\377\000T\000h\000e\000\040\000t\000w\000i\000s\000t\000i\000n\000g\000\040\000c\000o\000n\000t\000r\000o\000l\000l\000e\000r}{section.4}% 17
\BOOKMARK [2][-]{subsection.4.2}{\376\377\000P\000I\000D\000\040\000c\000o\000n\000t\000r\000o\000l\000l\000e\000r}{section.4}% 18
\BOOKMARK [2][-]{subsection.4.3}{\376\377\000F\000u\000z\000z\000y\000\040\000c\000o\000n\000t\000r\000o\000l\000l\000e\000r}{section.4}% 19
\BOOKMARK [2][-]{subsection.4.4}{\376\377\000P\000a\000r\000a\000m\000e\000t\000e\000r\000\040\000t\000u\000n\000i\000n\000g}{section.4}% 20
\BOOKMARK [1][-]{section.5}{\376\377\000S\000i\000m\000u\000l\000a\000t\000i\000o\000n\000\040\000r\000e\000s\000u\000l\000t\000s}{}% 21
\BOOKMARK [1][-]{section.6}{\376\377\000P\000r\000a\000c\000t\000i\000c\000a\000l\000\040\000e\000x\000p\000e\000r\000i\000m\000e\000n\000t\000s}{}% 22
\BOOKMARK [1][-]{section.7}{\376\377\000C\000o\000n\000c\000l\000u\000s\000i\000o\000n\000s}{}% 23
\BOOKMARK [1][-]{section*.12}{\376\377\000A\000p\000p\000e\000n\000d\000i\000x\000:\000\040\000D\000e\000a\000d\000b\000e\000a\000t\000\040\000i\000m\000p\000l\000e\000m\000e\000n\000t\000a\000t\000i\000o\000n\000\040\000o\000f\000\040\000t\000h\000e\000\040\000t\000w\000i\000s\000t\000i\000n\000g\000\040\000c\000o\000n\000t\000r\000o\000l\000l\000e\000r}{}% 24
\BOOKMARK [1][-]{section*.22}{\376\377\000R\000e\000f\000e\000r\000e\000n\000c\000e\000s}{}% 25
\BOOKMARK [1][-]{IEEEbiography.0}{\376\377\000B\000i\000o\000g\000r\000a\000p\000h\000i\000e\000s}{}% 26
\BOOKMARK [2][-]{IEEEbiography.1}{\376\377\000M\000o\000h\000a\000m\000m\000a\000d\000\040\000R\000a\000s\000o\000o\000l\000\040\000M\000O\000J\000A\000L\000L\000I\000Z\000A\000D\000E\000H}{IEEEbiography.0}% 27
\BOOKMARK [2][-]{IEEEbiography.2}{\376\377\000E\000t\000i\000e\000n\000n\000e\000\040\000P\000E\000S\000S\000A\000R\000D}{IEEEbiography.0}% 28
\BOOKMARK [2][-]{IEEEbiography.3}{\376\377\000B\000e\000n\000o\000\356\000t\000\040\000P\000I\000C\000H\000E\000R\000E\000A\000U}{IEEEbiography.0}% 29
\BOOKMARK [2][-]{IEEEbiography.4}{\376\377\000J\000o\000h\000n\000\040\000D\000o\000e}{IEEEbiography.0}% 30
