This is pdfTeX, Version 3.141592653-2.6-1.40.27 (TeX Live 2025) (preloaded format=pdflatex 2025.8.2)  22 SEP 2025 20:46
entering extended mode
 restricted \write18 enabled.
 %&-line parsing enabled.
**elsarticle-template-num.tex
(./elsarticle-template-num.tex
LaTeX2e <2024-11-01> patch level 2
L3 programming layer <2025-01-18>
(c:/texlive/2025/texmf-dist/tex/latex/elsarticle/elsarticle.cls
Document Class: elsarticle 2025/01/11, 3.4c: Elsevier Ltd
(c:/texlive/2025/texmf-dist/tex/latex/base/fontenc.sty
Package: fontenc 2021/04/29 v2.0v Standard LaTeX package
)
(c:/texlive/2025/texmf-dist/tex/latex/l3kernel/expl3.sty
Package: expl3 2025-01-18 L3 programming layer (loader) 

(c:/texlive/2025/texmf-dist/tex/latex/l3backend/l3backend-pdftex.def
File: l3backend-pdftex.def 2024-05-08 L3 backend support: PDF output (pdfTeX)
\l__color_backend_stack_int=\count196
\l__pdf_internal_box=\box52
))
(c:/texlive/2025/texmf-dist/tex/latex/l3packages/xparse/xparse.sty
Package: xparse 2024-08-16 L3 Experimental document command parser
)
(c:/texlive/2025/texmf-dist/tex/latex/etoolbox/etoolbox.sty
Package: etoolbox 2025/02/11 v2.5l e-TeX tools for LaTeX (JAW)
\etb@tempcnta=\count197
)
\@bls=\dimen141

(c:/texlive/2025/texmf-dist/tex/latex/base/article.cls
Document Class: article 2024/06/29 v1.4n Standard LaTeX document class
(c:/texlive/2025/texmf-dist/tex/latex/base/size12.clo
File: size12.clo 2024/06/29 v1.4n Standard LaTeX file (size option)
)
\c@part=\count198
\c@section=\count199
\c@subsection=\count266
\c@subsubsection=\count267
\c@paragraph=\count268
\c@subparagraph=\count269
\c@figure=\count270
\c@table=\count271
\abovecaptionskip=\skip49
\belowcaptionskip=\skip50
\bibindent=\dimen142
)
(c:/texlive/2025/texmf-dist/tex/latex/graphics/graphicx.sty
Package: graphicx 2021/09/16 v1.2d Enhanced LaTeX Graphics (DPC,SPQR)

(c:/texlive/2025/texmf-dist/tex/latex/graphics/keyval.sty
Package: keyval 2022/05/29 v1.15 key=value parser (DPC)
\KV@toks@=\toks17
)
(c:/texlive/2025/texmf-dist/tex/latex/graphics/graphics.sty
Package: graphics 2024/08/06 v1.4g Standard LaTeX Graphics (DPC,SPQR)

(c:/texlive/2025/texmf-dist/tex/latex/graphics/trig.sty
Package: trig 2023/12/02 v1.11 sin cos tan (DPC)
)
(c:/texlive/2025/texmf-dist/tex/latex/graphics-cfg/graphics.cfg
File: graphics.cfg 2016/06/04 v1.11 sample graphics configuration
)
Package graphics Info: Driver file: pdftex.def on input line 106.

(c:/texlive/2025/texmf-dist/tex/latex/graphics-def/pdftex.def
File: pdftex.def 2024/04/13 v1.2c Graphics/color driver for pdftex
))
\Gin@req@height=\dimen143
\Gin@req@width=\dimen144
)
\c@tnote=\count272
\c@fnote=\count273
\c@cnote=\count274
\c@ead=\count275
\c@elsarticle@author=\count276
\@eadauthor=\toks18
\c@affn=\count277
\absbox=\box53
\elsarticlehighlightsbox=\box54
\elsarticlegrabsbox=\box55
\keybox=\box56
\Columnwidth=\dimen145
\space@left=\dimen146
\els@boxa=\box57
\els@boxb=\box58
\leftMargin=\dimen147
\@enLab=\toks19
\@sep=\skip51
\@@sep=\skip52

(./elsarticle-template-num.spl)
(c:/texlive/2025/texmf-dist/tex/latex/natbib/natbib.sty
Package: natbib 2010/09/13 8.31b (PWD, AO)
\bibhang=\skip53
\bibsep=\skip54
LaTeX Info: Redefining \cite on input line 694.
\c@NAT@ctr=\count278
)
\splwrite=\write3
\openout3 = `elsarticle-template-num.spl'.

\appnamewidth=\dimen148
)
(c:/texlive/2025/texmf-dist/tex/latex/geometry/geometry.sty
Package: geometry 2020/01/02 v5.9 Page Geometry

(c:/texlive/2025/texmf-dist/tex/generic/iftex/ifvtex.sty
Package: ifvtex 2019/10/25 v1.7 ifvtex legacy package. Use iftex instead.

(c:/texlive/2025/texmf-dist/tex/generic/iftex/iftex.sty
Package: iftex 2024/12/12 v1.0g TeX engine tests
))
\Gm@cnth=\count279
\Gm@cntv=\count280
\c@Gm@tempcnt=\count281
\Gm@bindingoffset=\dimen149
\Gm@wd@mp=\dimen150
\Gm@odd@mp=\dimen151
\Gm@even@mp=\dimen152
\Gm@layoutwidth=\dimen153
\Gm@layoutheight=\dimen154
\Gm@layouthoffset=\dimen155
\Gm@layoutvoffset=\dimen156
\Gm@dimlist=\toks20
)
(c:/texlive/2025/texmf-dist/tex/latex/amsmath/amsmath.sty
Package: amsmath 2024/11/05 v2.17t AMS math features
\@mathmargin=\skip55

For additional information on amsmath, use the `?' option.
(c:/texlive/2025/texmf-dist/tex/latex/amsmath/amstext.sty
Package: amstext 2021/08/26 v2.01 AMS text

(c:/texlive/2025/texmf-dist/tex/latex/amsmath/amsgen.sty
File: amsgen.sty 1999/11/30 v2.0 generic functions
\@emptytoks=\toks21
\ex@=\dimen157
))
(c:/texlive/2025/texmf-dist/tex/latex/amsmath/amsbsy.sty
Package: amsbsy 1999/11/29 v1.2d Bold Symbols
\pmbraise@=\dimen158
)
(c:/texlive/2025/texmf-dist/tex/latex/amsmath/amsopn.sty
Package: amsopn 2022/04/08 v2.04 operator names
)
\inf@bad=\count282
LaTeX Info: Redefining \frac on input line 233.
\uproot@=\count283
\leftroot@=\count284
LaTeX Info: Redefining \overline on input line 398.
LaTeX Info: Redefining \colon on input line 409.
\classnum@=\count285
\DOTSCASE@=\count286
LaTeX Info: Redefining \ldots on input line 495.
LaTeX Info: Redefining \dots on input line 498.
LaTeX Info: Redefining \cdots on input line 619.
\Mathstrutbox@=\box59
\strutbox@=\box60
LaTeX Info: Redefining \big on input line 721.
LaTeX Info: Redefining \Big on input line 722.
LaTeX Info: Redefining \bigg on input line 723.
LaTeX Info: Redefining \Bigg on input line 724.
\big@size=\dimen159
LaTeX Font Info:    Redeclaring font encoding OML on input line 742.
LaTeX Font Info:    Redeclaring font encoding OMS on input line 743.
\macc@depth=\count287
LaTeX Info: Redefining \bmod on input line 904.
LaTeX Info: Redefining \pmod on input line 909.
LaTeX Info: Redefining \smash on input line 939.
LaTeX Info: Redefining \relbar on input line 969.
LaTeX Info: Redefining \Relbar on input line 970.
\c@MaxMatrixCols=\count288
\dotsspace@=\muskip17
\c@parentequation=\count289
\dspbrk@lvl=\count290
\tag@help=\toks22
\row@=\count291
\column@=\count292
\maxfields@=\count293
\andhelp@=\toks23
\eqnshift@=\dimen160
\alignsep@=\dimen161
\tagshift@=\dimen162
\tagwidth@=\dimen163
\totwidth@=\dimen164
\lineht@=\dimen165
\@envbody=\toks24
\multlinegap=\skip56
\multlinetaggap=\skip57
\mathdisplay@stack=\toks25
LaTeX Info: Redefining \[ on input line 2953.
LaTeX Info: Redefining \] on input line 2954.
)
(c:/texlive/2025/texmf-dist/tex/latex/amsfonts/amssymb.sty
Package: amssymb 2013/01/14 v3.01 AMS font symbols

(c:/texlive/2025/texmf-dist/tex/latex/amsfonts/amsfonts.sty
Package: amsfonts 2013/01/14 v3.01 Basic AMSFonts support
\symAMSa=\mathgroup4
\symAMSb=\mathgroup5
LaTeX Font Info:    Redeclaring math symbol \hbar on input line 98.
LaTeX Font Info:    Overwriting math alphabet `\mathfrak' in version `bold'
(Font)                  U/euf/m/n --> U/euf/b/n on input line 106.
))
(c:/texlive/2025/texmf-dist/tex/latex/mathtools/empheq.sty
Package: empheq 2024/08/09 v2.17 Emphasizing equations

(c:/texlive/2025/texmf-dist/tex/latex/mathtools/mhsetup.sty
Package: mhsetup 2021/03/18 v1.4 programming setup (MH)
)
(c:/texlive/2025/texmf-dist/tex/latex/mathtools/mathtools.sty
Package: mathtools 2024/10/04 v1.31 mathematical typesetting tools

(c:/texlive/2025/texmf-dist/tex/latex/tools/calc.sty
Package: calc 2023/07/08 v4.3 Infix arithmetic (KKT,FJ)
\calc@Acount=\count294
\calc@Bcount=\count295
\calc@Adimen=\dimen166
\calc@Bdimen=\dimen167
\calc@Askip=\skip58
\calc@Bskip=\skip59
LaTeX Info: Redefining \setlength on input line 80.
LaTeX Info: Redefining \addtolength on input line 81.
\calc@Ccount=\count296
\calc@Cskip=\skip60
)
\g_MT_multlinerow_int=\count297
\l_MT_multwidth_dim=\dimen168
\origjot=\skip61
\l_MT_shortvdotswithinadjustabove_dim=\dimen169
\l_MT_shortvdotswithinadjustbelow_dim=\dimen170
\l_MT_above_intertext_sep=\dimen171
\l_MT_below_intertext_sep=\dimen172
\l_MT_above_shortintertext_sep=\dimen173
\l_MT_below_shortintertext_sep=\dimen174
\xmathstrut@box=\box61
\xmathstrut@dim=\dimen175
)
\l_EQ_equationtype_int=\count298
\l_EQ_alignmentmode_int=\count299
\l_EQ_totalwidth_dim=\dimen176
\l_EQ_displaywidth_dim=\dimen177
\l_EQ_temp_linewidth_dim=\dimen178
\l_EQ_linewidth_dim=\dimen179
\EmphEqdelimitershortfall=\dimen180
\EmphEqdelimiterfactor=\count300
\g_EQ_toptag_height_dim=\dimen181
\g_EQ_bottomtag_depth_dim=\dimen182
\g_EQ_toprow_height_dim=\dimen183
\g_EQ_bottomrow_depth_dim=\dimen184
\g_EQ_widesttag_dim=\dimen185
\EQ_mathdisplay_box=\box62
\EQ_tag_box=\box63
\g_EQ_temprow_int=\count301
)
(c:/texlive/2025/texmf-dist/tex/latex/hyperref/hyperref.sty
Package: hyperref 2024-11-05 v7.01l Hypertext links for LaTeX

(c:/texlive/2025/texmf-dist/tex/latex/kvsetkeys/kvsetkeys.sty
Package: kvsetkeys 2022-10-05 v1.19 Key value parser (HO)
)
(c:/texlive/2025/texmf-dist/tex/generic/kvdefinekeys/kvdefinekeys.sty
Package: kvdefinekeys 2019-12-19 v1.6 Define keys (HO)
)
(c:/texlive/2025/texmf-dist/tex/generic/pdfescape/pdfescape.sty
Package: pdfescape 2019/12/09 v1.15 Implements pdfTeX's escape features (HO)

(c:/texlive/2025/texmf-dist/tex/generic/ltxcmds/ltxcmds.sty
Package: ltxcmds 2023-12-04 v1.26 LaTeX kernel commands for general use (HO)
)
(c:/texlive/2025/texmf-dist/tex/generic/pdftexcmds/pdftexcmds.sty
Package: pdftexcmds 2020-06-27 v0.33 Utility functions of pdfTeX for LuaTeX (HO
)

(c:/texlive/2025/texmf-dist/tex/generic/infwarerr/infwarerr.sty
Package: infwarerr 2019/12/03 v1.5 Providing info/warning/error messages (HO)
)
Package pdftexcmds Info: \pdf@primitive is available.
Package pdftexcmds Info: \pdf@ifprimitive is available.
Package pdftexcmds Info: \pdfdraftmode found.
))
(c:/texlive/2025/texmf-dist/tex/latex/hycolor/hycolor.sty
Package: hycolor 2020-01-27 v1.10 Color options for hyperref/bookmark (HO)
)
(c:/texlive/2025/texmf-dist/tex/latex/hyperref/nameref.sty
Package: nameref 2023-11-26 v2.56 Cross-referencing by name of section

(c:/texlive/2025/texmf-dist/tex/latex/refcount/refcount.sty
Package: refcount 2019/12/15 v3.6 Data extraction from label references (HO)
)
(c:/texlive/2025/texmf-dist/tex/generic/gettitlestring/gettitlestring.sty
Package: gettitlestring 2019/12/15 v1.6 Cleanup title references (HO)

(c:/texlive/2025/texmf-dist/tex/latex/kvoptions/kvoptions.sty
Package: kvoptions 2022-06-15 v3.15 Key value format for package options (HO)
))
\c@section@level=\count302
)
(c:/texlive/2025/texmf-dist/tex/generic/stringenc/stringenc.sty
Package: stringenc 2019/11/29 v1.12 Convert strings between diff. encodings (HO
)
)
\@linkdim=\dimen186
\Hy@linkcounter=\count303
\Hy@pagecounter=\count304

(c:/texlive/2025/texmf-dist/tex/latex/hyperref/pd1enc.def
File: pd1enc.def 2024-11-05 v7.01l Hyperref: PDFDocEncoding definition (HO)
Now handling font encoding PD1 ...
... no UTF-8 mapping file for font encoding PD1
)
(c:/texlive/2025/texmf-dist/tex/generic/intcalc/intcalc.sty
Package: intcalc 2019/12/15 v1.3 Expandable calculations with integers (HO)
)
\Hy@SavedSpaceFactor=\count305

(c:/texlive/2025/texmf-dist/tex/latex/hyperref/puenc.def
File: puenc.def 2024-11-05 v7.01l Hyperref: PDF Unicode definition (HO)
Now handling font encoding PU ...
... no UTF-8 mapping file for font encoding PU
)
Package hyperref Info: Hyper figures OFF on input line 4157.
Package hyperref Info: Link nesting OFF on input line 4162.
Package hyperref Info: Hyper index ON on input line 4165.
Package hyperref Info: Plain pages OFF on input line 4172.
Package hyperref Info: Backreferencing OFF on input line 4177.
Package hyperref Info: Implicit mode ON; LaTeX internals redefined.
Package hyperref Info: Bookmarks ON on input line 4424.
\c@Hy@tempcnt=\count306

(c:/texlive/2025/texmf-dist/tex/latex/url/url.sty
\Urlmuskip=\muskip18
Package: url 2013/09/16  ver 3.4  Verb mode for urls, etc.
)
LaTeX Info: Redefining \url on input line 4763.
\XeTeXLinkMargin=\dimen187

(c:/texlive/2025/texmf-dist/tex/generic/bitset/bitset.sty
Package: bitset 2019/12/09 v1.3 Handle bit-vector datatype (HO)

(c:/texlive/2025/texmf-dist/tex/generic/bigintcalc/bigintcalc.sty
Package: bigintcalc 2019/12/15 v1.5 Expandable calculations on big integers (HO
)
))
\Fld@menulength=\count307
\Field@Width=\dimen188
\Fld@charsize=\dimen189
Package hyperref Info: Hyper figures OFF on input line 6042.
Package hyperref Info: Link nesting OFF on input line 6047.
Package hyperref Info: Hyper index ON on input line 6050.
Package hyperref Info: backreferencing OFF on input line 6057.
Package hyperref Info: Link coloring OFF on input line 6062.
Package hyperref Info: Link coloring with OCG OFF on input line 6067.
Package hyperref Info: PDF/A mode OFF on input line 6072.

(c:/texlive/2025/texmf-dist/tex/latex/base/atbegshi-ltx.sty
Package: atbegshi-ltx 2021/01/10 v1.0c Emulation of the original atbegshi
package with kernel methods
)
\Hy@abspage=\count308
\c@Item=\count309
\c@Hfootnote=\count310
)
Package hyperref Info: Driver (autodetected): hpdftex.

(c:/texlive/2025/texmf-dist/tex/latex/hyperref/hpdftex.def
File: hpdftex.def 2024-11-05 v7.01l Hyperref driver for pdfTeX

(c:/texlive/2025/texmf-dist/tex/latex/base/atveryend-ltx.sty
Package: atveryend-ltx 2020/08/19 v1.0a Emulation of the original atveryend pac
kage
with kernel methods
)
\Fld@listcount=\count311
\c@bookmark@seq@number=\count312

(c:/texlive/2025/texmf-dist/tex/latex/rerunfilecheck/rerunfilecheck.sty
Package: rerunfilecheck 2022-07-10 v1.10 Rerun checks for auxiliary files (HO)

(c:/texlive/2025/texmf-dist/tex/generic/uniquecounter/uniquecounter.sty
Package: uniquecounter 2019/12/15 v1.4 Provide unlimited unique counter (HO)
)
Package uniquecounter Info: New unique counter `rerunfilecheck' on input line 2
85.
)
\Hy@SectionHShift=\skip62
)
(c:/texlive/2025/texmf-dist/tex/latex/cleveref/cleveref.sty
Package: cleveref 2018/03/27 v0.21.4 Intelligent cross-referencing
Package cleveref Info: `hyperref' support loaded on input line 2370.
LaTeX Info: Redefining \cref on input line 2370.
LaTeX Info: Redefining \Cref on input line 2370.
LaTeX Info: Redefining \crefrange on input line 2370.
LaTeX Info: Redefining \Crefrange on input line 2370.
LaTeX Info: Redefining \cpageref on input line 2370.
LaTeX Info: Redefining \Cpageref on input line 2370.
LaTeX Info: Redefining \cpagerefrange on input line 2370.
LaTeX Info: Redefining \Cpagerefrange on input line 2370.
LaTeX Info: Redefining \labelcref on input line 2370.
LaTeX Info: Redefining \labelcpageref on input line 2370.
)
(c:/texlive/2025/texmf-dist/tex/latex/xcolor/xcolor.sty
Package: xcolor 2024/09/29 v3.02 LaTeX color extensions (UK)

(c:/texlive/2025/texmf-dist/tex/latex/graphics-cfg/color.cfg
File: color.cfg 2016/01/02 v1.6 sample color configuration
)
Package xcolor Info: Driver file: pdftex.def on input line 274.

(c:/texlive/2025/texmf-dist/tex/latex/graphics/mathcolor.ltx)
Package xcolor Info: Model `cmy' substituted by `cmy0' on input line 1349.
Package xcolor Info: Model `hsb' substituted by `rgb' on input line 1353.
Package xcolor Info: Model `RGB' extended on input line 1365.
Package xcolor Info: Model `HTML' substituted by `rgb' on input line 1367.
Package xcolor Info: Model `Hsb' substituted by `hsb' on input line 1368.
Package xcolor Info: Model `tHsb' substituted by `hsb' on input line 1369.
Package xcolor Info: Model `HSB' substituted by `hsb' on input line 1370.
Package xcolor Info: Model `Gray' substituted by `gray' on input line 1371.
Package xcolor Info: Model `wave' substituted by `hsb' on input line 1372.
)
(c:/texlive/2025/texmf-dist/tex/latex/colortbl/colortbl.sty
Package: colortbl 2024/07/06 v1.0i Color table columns (DPC)

(c:/texlive/2025/texmf-dist/tex/latex/tools/array.sty
Package: array 2024/10/17 v2.6g Tabular extension package (FMi)
\col@sep=\dimen190
\ar@mcellbox=\box64
\extrarowheight=\dimen191
\NC@list=\toks26
\extratabsurround=\skip63
\backup@length=\skip64
\ar@cellbox=\box65
)
\everycr=\toks27
\minrowclearance=\skip65
\rownum=\count313
)
(c:/texlive/2025/texmf-dist/tex/latex/graphics/rotating.sty
Package: rotating 2016/08/11 v2.16d rotated objects in LaTeX

(c:/texlive/2025/texmf-dist/tex/latex/base/ifthen.sty
Package: ifthen 2024/03/16 v1.1e Standard LaTeX ifthen package (DPC)
)
\c@r@tfl@t=\count314
\rotFPtop=\skip66
\rotFPbot=\skip67
\rot@float@box=\box66
\rot@mess@toks=\toks28
)
(c:/texlive/2025/texmf-dist/tex/generic/babel/babel.sty
Package: babel 2025/02/14 v25.4 The multilingual framework for pdfLaTeX, LuaLaT
eX and XeLaTeX
\babel@savecnt=\count315
\U@D=\dimen192
\l@unhyphenated=\language90

(c:/texlive/2025/texmf-dist/tex/generic/babel/txtbabel.def)
\bbl@readstream=\read2
\bbl@dirlevel=\count316

(c:/texlive/2025/texmf-dist/tex/generic/babel-english/english.ldf
Language: english 2017/06/06 v3.3r English support from the babel system
Package babel Info: Hyphen rules for 'canadian' set to \l@english
(babel)             (\language0). Reported on input line 102.
Package babel Info: Hyphen rules for 'australian' set to \l@ukenglish
(babel)             (\language22). Reported on input line 105.
Package babel Info: Hyphen rules for 'newzealand' set to \l@ukenglish
(babel)             (\language22). Reported on input line 108.
))
(c:/texlive/2025/texmf-dist/tex/generic/babel/locale/en/babel-english.tex
Package babel Info: Importing font and identification data for english
(babel)             from babel-en.ini. Reported on input line 11.
)
(c:/texlive/2025/texmf-dist/tex/latex/base/fontenc.sty
Package: fontenc 2021/04/29 v2.0v Standard LaTeX package
)
\c@theorem=\count317
\c@lemma=\count318
\c@proposition=\count319
\c@remark=\count320
\c@definition=\count321
\c@corollary=\count322
\c@example=\count323

(./elsarticle-template-num.aux)
\openout1 = `elsarticle-template-num.aux'.

LaTeX Font Info:    Checking defaults for OML/cmm/m/it on input line 91.
LaTeX Font Info:    ... okay on input line 91.
LaTeX Font Info:    Checking defaults for OMS/cmsy/m/n on input line 91.
LaTeX Font Info:    ... okay on input line 91.
LaTeX Font Info:    Checking defaults for OT1/cmr/m/n on input line 91.
LaTeX Font Info:    ... okay on input line 91.
LaTeX Font Info:    Checking defaults for T1/cmr/m/n on input line 91.
LaTeX Font Info:    ... okay on input line 91.
LaTeX Font Info:    Checking defaults for TS1/cmr/m/n on input line 91.
LaTeX Font Info:    ... okay on input line 91.
LaTeX Font Info:    Checking defaults for OMX/cmex/m/n on input line 91.
LaTeX Font Info:    ... okay on input line 91.
LaTeX Font Info:    Checking defaults for U/cmr/m/n on input line 91.
LaTeX Font Info:    ... okay on input line 91.
LaTeX Font Info:    Checking defaults for PD1/pdf/m/n on input line 91.
LaTeX Font Info:    ... okay on input line 91.
LaTeX Font Info:    Checking defaults for PU/pdf/m/n on input line 91.
LaTeX Font Info:    ... okay on input line 91.

(c:/texlive/2025/texmf-dist/tex/context/base/mkii/supp-pdf.mkii
[Loading MPS to PDF converter (version 2006.09.02).]
\scratchcounter=\count324
\scratchdimen=\dimen193
\scratchbox=\box67
\nofMPsegments=\count325
\nofMParguments=\count326
\everyMPshowfont=\toks29
\MPscratchCnt=\count327
\MPscratchDim=\dimen194
\MPnumerator=\count328
\makeMPintoPDFobject=\count329
\everyMPtoPDFconversion=\toks30
) (c:/texlive/2025/texmf-dist/tex/latex/epstopdf-pkg/epstopdf-base.sty
Package: epstopdf-base 2020-01-24 v2.11 Base part for package epstopdf

(c:/texlive/2025/texmf-dist/tex/latex/grfext/grfext.sty
Package: grfext 2019/12/03 v1.3 Manage graphics extensions (HO)
)
Package epstopdf-base Info: Redefining graphics rule for `.eps' on input line 4
85.
Package grfext Info: Graphics extension search list:
(grfext)             [.pdf,.png,.jpg,.mps,.jpeg,.jbig2,.jb2,.PDF,.PNG,.JPG,.JPE
G,.JBIG2,.JB2,.eps]
(grfext)             \AppendGraphicsExtensions on input line 504.

(c:/texlive/2025/texmf-dist/tex/latex/latexconfig/epstopdf-sys.cfg
File: epstopdf-sys.cfg 2010/07/13 v1.3 Configuration of (r)epstopdf for TeX Liv
e
))
*geometry* driver: auto-detecting
*geometry* detected driver: pdftex
*geometry* verbose mode - [ preamble ] result:
* driver: pdftex
* paper: <default>
* layout: <same size as paper>
* layoutoffset:(h,v)=(0.0pt,0.0pt)
* modes: 
* h-part:(L,W,R)=(56.9055pt, 500.484pt, 56.9055pt)
* v-part:(T,H,B)=(56.9055pt, 681.15898pt, 56.9055pt)
* \paperwidth=614.295pt
* \paperheight=794.96999pt
* \textwidth=500.484pt
* \textheight=681.15898pt
* \oddsidemargin=-15.36449pt
* \evensidemargin=-15.36449pt
* \topmargin=-52.36449pt
* \headheight=12.0pt
* \headsep=25.0pt
* \topskip=12.0pt
* \footskip=30.0pt
* \marginparwidth=44.0pt
* \marginparsep=10.0pt
* \columnsep=10.0pt
* \skip\footins=24.0pt
* \hoffset=0.0pt
* \voffset=0.0pt
* \mag=1000
* \@twocolumnfalse
* \@twosidefalse
* \@mparswitchfalse
* \@reversemarginfalse
* (1in=72.27pt=25.4mm, 1cm=28.453pt)

Package hyperref Info: Link coloring OFF on input line 91.
(./elsarticle-template-num.out) (./elsarticle-template-num.out)
\@outlinefile=\write4
\openout4 = `elsarticle-template-num.out'.

<F_experiments.pdf, id=100, 249.07489pt x 191.01447pt>
File: F_experiments.pdf Graphic file (type pdf)
<use F_experiments.pdf>
Package pdftex.def Info: F_experiments.pdf  used on input line 160.
(pdftex.def)             Requested size: 249.07426pt x 191.01399pt.



Package hyperref Warning: Token not allowed in a PDF string (Unicode):
(hyperref)                removing `\<def>-command' on input line 175.


Package hyperref Warning: Token not allowed in a PDF string (Unicode):
(hyperref)                removing `\cnotenum' on input line 175.


Package hyperref Warning: Token not allowed in a PDF string (Unicode):
(hyperref)                removing `\<def>-command' on input line 175.


Package hyperref Warning: Token not allowed in a PDF string (Unicode):
(hyperref)                removing `\@corref' on input line 175.

[1

{c:/texlive/2025/texmf-var/fonts/map/pdftex/updmap/pdftex.map}{c:/texlive/2025/
texmf-dist/fonts/enc/dvips/cm-super/cm-super-t1.enc} <./F_experiments.pdf>]

[2

{c:/texlive/2025/texmf-dist/fonts/enc/dvips/cm-super/cm-super-ts1.enc}]
LaTeX Font Info:    Trying to load font information for U+msa on input line 175
.

(c:/texlive/2025/texmf-dist/tex/latex/amsfonts/umsa.fd
File: umsa.fd 2013/01/14 v3.01 AMS symbols A
)
LaTeX Font Info:    Trying to load font information for U+msb on input line 175
.

(c:/texlive/2025/texmf-dist/tex/latex/amsfonts/umsb.fd
File: umsb.fd 2013/01/14 v3.01 AMS symbols B
)


pdfTeX warning (ext4): destination with the same identifier (name{page.1}) has 
been already used, duplicate ignored
<to be read again> 
                   \relax 
l.183 \twocolumn
                 [1


]




pdfTeX warning (ext4): destination with the same identifier (name{page.2}) has 
been already used, duplicate ignored
<to be read again> 
                   \relax 
l.195 
       [2

]
<Control_system_fatigue_total.pdf, id=224, 372.33492pt x 207.75305pt>
File: Control_system_fatigue_total.pdf Graphic file (type pdf)
<use Control_system_fatigue_total.pdf>
Package pdftex.def Info: Control_system_fatigue_total.pdf  used on input line 2
73.
(pdftex.def)             Requested size: 245.24199pt x 136.83846pt.




[3 <./Control_system_fatigue_total.pdf>] [4]

<F_bode.png, id=276, 2168.1pt x 1083.29718pt>
File: F_bode.png Graphic file (type png)
<use F_bode.png>
Package pdftex.def Info: F_bode.png  used on input line 320.
(pdftex.def)             Requested size: 500.484pt x 250.06224pt.


[5]



[6 <./F_bode.png (PNG copy)>]
<Fuzzy_controller.pdf, id=334, 580.36691pt x 99.14938pt>
File: Fuzzy_controller.pdf Graphic file (type pdf)
<use Fuzzy_controller.pdf>
Package pdftex.def Info: Fuzzy_controller.pdf  used on input line 352.
(pdftex.def)             Requested size: 450.43253pt x 76.95343pt.
<F_membership.png, id=335, 1816.53656pt x 1007.26312pt>
File: F_membership.png Graphic file (type png)
<use F_membership.png>
Package pdftex.def Info: F_membership.png  used on input line 359.
(pdftex.def)             Requested size: 245.24199pt x 135.97466pt.
<Fuzzy_rules.png, id=336, 456.95718pt x 184.43906pt>
File: Fuzzy_rules.png Graphic file (type png)
<use Fuzzy_rules.png>
Package pdftex.def Info: Fuzzy_rules.png  used on input line 366.
(pdftex.def)             Requested size: 500.484pt x 202.01396pt.



Overfull \hbox (6.00722pt too wide) detected at line 408
[][][][][]
 []


Underfull \hbox (badness 1668) in paragraph at lines 408--410
\T1/cmr/m/n/12 Hence, mul-ti-pli-ca-tion of the in-put force $\OML/cmm/m/it/12 
f$
 []


Underfull \hbox (badness 1838) in paragraph at lines 408--410
\T1/cmr/m/n/12 by the mea-sured po-si-tion $\OML/cmm/m/it/12 x[]$ \T1/cmr/m/n/1
2 gives a con-
 []



[7]



[8 <./Fuzzy_controller.pdf> <./F_membership.png>]
Underfull \hbox (badness 1708) in paragraph at lines 499--500
[]\T1/cmr/m/n/12 To im-ple-ment the phase and am-pli-tude
 []





[9 <./Fuzzy_rules.png>]


Package hyperref Warning: Token not allowed in a PDF string (Unicode):
(hyperref)                removing `math shift' on input line 567.


Package hyperref Warning: Token not allowed in a PDF string (Unicode):
(hyperref)                removing `subscript' on input line 567.


Package hyperref Warning: Token not allowed in a PDF string (Unicode):
(hyperref)                removing `\omega' on input line 567.


Package hyperref Warning: Token not allowed in a PDF string (Unicode):
(hyperref)                removing `\rightarrow' on input line 567.


Package hyperref Warning: Token not allowed in a PDF string (Unicode):
(hyperref)                removing `subscript' on input line 567.


Package hyperref Warning: Token not allowed in a PDF string (Unicode):
(hyperref)                removing `\theta' on input line 567.


Package hyperref Warning: Token not allowed in a PDF string (Unicode):
(hyperref)                removing `math shift' on input line 567.

LaTeX Font Info:    Trying to load font information for T1+qcr on input line 57
8.
(c:/texlive/2025/texmf-dist/tex/latex/tex-gyre/t1qcr.fd
File: t1qcr.fd 2009/09/25 v1.2 font definition file for T1/qcr
)

[10]

Package hyperref Warning: Token not allowed in a PDF string (Unicode):
(hyperref)                removing `math shift' on input line 610.


Package hyperref Warning: Token not allowed in a PDF string (Unicode):
(hyperref)                removing `subscript' on input line 610.


Package hyperref Warning: Token not allowed in a PDF string (Unicode):
(hyperref)                removing `\rightarrow' on input line 610.


Package hyperref Warning: Token not allowed in a PDF string (Unicode):
(hyperref)                removing `subscript' on input line 610.


Package hyperref Warning: Token not allowed in a PDF string (Unicode):
(hyperref)                removing `\max' on input line 610.


Package hyperref Warning: Token not allowed in a PDF string (Unicode):
(hyperref)                removing `\limits' on input line 610.


Package hyperref Warning: Token not allowed in a PDF string (Unicode):
(hyperref)                removing `subscript' on input line 610.


Package hyperref Warning: Token not allowed in a PDF string (Unicode):
(hyperref)                removing `subscript' on input line 610.


Package hyperref Warning: Token not allowed in a PDF string (Unicode):
(hyperref)                removing `subscript' on input line 610.


Package hyperref Warning: Token not allowed in a PDF string (Unicode):
(hyperref)                removing `math shift' on input line 610.




Underfull \hbox (badness 10000) in paragraph at lines 674--679
[]
 []



[11{c:/texlive/2025/texmf-dist/fonts/enc/dvips/tex-gyre/q-ec.enc}]
Underfull \hbox (badness 10000) in paragraph at lines 705--710
[]
 []


Underfull \hbox (badness 3291) in paragraph at lines 705--710
\T1/cmr/m/it/12 and the pa-ram-e-ters $\OML/cmm/m/it/12 b[]$ \T1/cmr/m/it/12 an
d $\OML/cmm/m/it/12 b[]$ \T1/cmr/m/it/12 sat-isfy the
 []



<F_simulink.png, id=549, 1492.07437pt x 380.92313pt>
File: F_simulink.png Graphic file (type png)
<use F_simulink.png>
Package pdftex.def Info: F_simulink.png  used on input line 728.
(pdftex.def)             Requested size: 500.484pt x 127.76842pt.


[12]



[13 <./F_simulink.png>]

<F_frequency_sim.png, id=610, 1681.03032pt x 901.86937pt>
File: F_frequency_sim.png Graphic file (type png)
<use F_frequency_sim.png>
Package pdftex.def Info: F_frequency_sim.png  used on input line 801.
(pdftex.def)             Requested size: 500.484pt x 268.51245pt.
<F_displacement_sim.png, id=611, 1609.51312pt x 910.15031pt>
File: F_displacement_sim.png Graphic file (type png)
<use F_displacement_sim.png>
Package pdftex.def Info: F_displacement_sim.png  used on input line 807.
(pdftex.def)             Requested size: 500.484pt x 283.00473pt.

Underfull \hbox (badness 1496) in paragraph at lines 816--817
[]\T1/cmr/m/n/12 The ex-per-i-men-tal setup is il-lus-trated in
 []



[14] [15 <./F_frequency_sim.png> <./F_displacement_sim.png>]
File: F_experiments.pdf Graphic file (type pdf)
<use F_experiments.pdf>
Package pdftex.def Info: F_experiments.pdf  used on input line 820.
(pdftex.def)             Requested size: 245.24199pt x 188.08185pt.




[16]
<F_phase.png, id=646, 1623.81656pt x 904.88063pt>
File: F_phase.png Graphic file (type png)
<use F_phase.png>
Package pdftex.def Info: F_phase.png  used on input line 844.
(pdftex.def)             Requested size: 245.24199pt x 136.65132pt.
<F_frequency.png, id=647, 1605.74907pt x 904.88063pt>
File: F_frequency.png Graphic file (type png)
<use F_frequency.png>
Package pdftex.def Info: F_frequency.png  used on input line 850.
(pdftex.def)             Requested size: 245.24199pt x 138.19775pt.
<F_displacement.png, id=648, 1614.7828pt x 904.88063pt>
File: F_displacement.png Graphic file (type png)
<use F_displacement.png>
Package pdftex.def Info: F_displacement.png  used on input line 857.
(pdftex.def)             Requested size: 245.24199pt x 137.42455pt.
<F_control_amplitude.png, id=649, 1625.32219pt x 904.88063pt>
File: F_control_amplitude.png Graphic file (type png)
<use F_control_amplitude.png>
Package pdftex.def Info: F_control_amplitude.png  used on input line 863.
(pdftex.def)             Requested size: 245.24199pt x 136.52705pt.




[17 <./F_phase.png> <./F_frequency.png> <./F_displacement.png> <./F_control_amp
litude.png>]


Underfull \hbox (badness 7704) in paragraph at lines 897--897
[]\T1/cmr/bx/n/12 Deadbeat im-ple-men-ta-tion
 []



[18]


Underfull \hbox (badness 6944) in paragraph at lines 1015--1022
\T1/cmr/bx/n/12 Proof. \T1/cmr/m/n/12 Sub-sti-tut-ing ([]A.9[]) into ([]A.4a[])

 []



[19]

(./elsarticle-template-num.bbl
Underfull \hbox (badness 6775) in paragraph at lines 12--18
[]\T1/cmr/m/n/12 C. Schramm, D. Birkner, S. Marx,
 []


Underfull \hbox (badness 2213) in paragraph at lines 12--18
\T1/cmr/m/n/12 Resonance-based test-ing fa-cil-ity for fa-
 []



[20]
Underfull \hbox (badness 4048) in paragraph at lines 32--38
[]\T1/cmr/m/n/12 C. San-tus, L. Ro-manelli, L. Bertini,
 []


Underfull \hbox (badness 1728) in paragraph at lines 32--38
\T1/cmr/m/n/12 A. Burchi-anti, T. In-oue, []Res-o-nant fa-
 []


Underfull \hbox (badness 4556) in paragraph at lines 47--53
[]\T1/cmr/m/n/12 S. Do-ranga, S. B. Fer-dowsi, Y. Li,
 []


Underfull \hbox (badness 3078) in paragraph at lines 47--53
\T1/cmr/m/n/12 M. Khanal, A novel ap-proach of fa-
 []


Underfull \hbox (badness 5681) in paragraph at lines 47--53
\T1/cmr/m/n/12 tigue test-ing and eval-u-a-tion of elec-
 []


Underfull \hbox (badness 3428) in paragraph at lines 47--53
\T1/cmr/m/n/12 tronic sys-tems based on phase track-
 []


Underfull \hbox (badness 2393) in paragraph at lines 55--58
[]\T1/cmr/m/n/12 T. Ike-hara, T. Tsuchiya, De-vel-op-ment
 []


Underfull \hbox (badness 3333) in paragraph at lines 55--58
\T1/cmr/m/n/12 sys-tem for micro-electromechanical res-
 []


Underfull \hbox (badness 2158) in paragraph at lines 55--58
\T1/cmr/m/n/12 onators, Sen-sors and Ma-te-ri-als 22 (1)
 []




Underfull \hbox (badness 2460) in paragraph at lines 68--77
\T1/cmr/m/n/12 Test-ing Method for Variable-Amplitude
 []


Underfull \hbox (badness 6348) in paragraph at lines 68--77
\T1/cmr/m/n/12 Load-ing and Stress Ra-tio [], Jour-nal
 []


Underfull \hbox (badness 4084) in paragraph at lines 68--77
\T1/cmr/m/n/12 of En-gi-neer-ing for Gas Tur-bines and
 []


Underfull \hbox (badness 10000) in paragraph at lines 68--77
\T1/cmtt/m/n/12 https : / / asmedigitalcollection . asme .
 []


Underfull \hbox (badness 10000) in paragraph at lines 68--77
\T1/cmtt/m/n/12 org / gasturbinespower / article-[]pdf /
 []


Underfull \hbox (badness 10000) in paragraph at lines 68--77
\T1/cmtt/m/n/12 128 / 4 / 857 / 5670391 / 857 \ _1 . pdf$[]\T1/cmr/m/n/12 ,
 []


Underfull \hbox (badness 10000) in paragraph at lines 68--77
\T1/cmr/m/n/12 URL []$\T1/cmtt/m/n/12 https : / / doi . org / 10 . 1115 / 1 .
 []


Underfull \hbox (badness 10000) in paragraph at lines 108--115
[]\T1/cmr/m/n/12 Gautrelet, Christophe, Khalij, Leila,
 []


Underfull \hbox (badness 1360) in paragraph at lines 108--115
\T1/cmr/m/n/12 track-and-dwell test-ing for crack length
 []


Underfull \hbox (badness 1275) in paragraph at lines 108--115
\T1/cmr/m/n/12 chan-ics & In-dus-try 21 (6) (2020) 617.
 []


Underfull \hbox (badness 10000) in paragraph at lines 108--115
\T1/cmr/m/n/12 URL []$\T1/cmtt/m/n/12 https : / / doi . org / 10 . 1051 / meca 
/
 []



[21]
Underfull \hbox (badness 2689) in paragraph at lines 131--134
\T1/cmr/m/n/12 load am-pli-tudes on metal-lic spec-i-mens
 []


Underfull \hbox (badness 2393) in paragraph at lines 131--134
\T1/cmr/m/n/12 and com-po-nents[], Ger-many, 2016, dIN
 []


Underfull \hbox (badness 10000) in paragraph at lines 131--134
\T1/cmr/m/n/12 URL []$\T1/cmtt/m/n/12 https : / / www . dinmedia . de / en /
 []


Underfull \hbox (badness 10000) in paragraph at lines 144--150
[]\T1/cmr/m/n/12 V. Utkin, A. Poznyak, Y. Orlov,
 []


Underfull \hbox (badness 7814) in paragraph at lines 144--150
\T1/cmr/m/n/12 A. Polyakov, Con-ven-tional and high
 []


Underfull \hbox (badness 1748) in paragraph at lines 144--150
\T1/cmr/m/n/12 or-der slid-ing mode con-trol, Jour-nal of
 []


Underfull \hbox (badness 2103) in paragraph at lines 144--150
\T1/cmr/m/n/12 the Franklin In-sti-tute 357 (15) (2020)
 []




Underfull \hbox (badness 10000) in paragraph at lines 188--195
\T1/cmr/m/n/12 URL []$\T1/cmtt/m/n/12 https : / / doi . org / 10 . 1007 /
 []


Underfull \hbox (badness 10000) in paragraph at lines 209--216
\T1/cmr/m/n/12 URL []$\T1/cmtt/m/n/12 https : / / www . sciencedirect .
 []


Underfull \hbox (badness 10000) in paragraph at lines 209--216
\T1/cmtt/m/n/12 com / science / article / pii /
 []



[22]
Underfull \hbox (badness 10000) in paragraph at lines 218--226
\T1/cmr/m/n/12 URL []$\T1/cmtt/m/n/12 https : / / www . sciencedirect .
 []


Underfull \hbox (badness 10000) in paragraph at lines 218--226
\T1/cmtt/m/n/12 com / science / article / pii /
 []


Underfull \hbox (badness 10000) in paragraph at lines 232--235
[]\T1/cmr/m/n/12 J. Zhuge, A His-tory of Vi-bra-
 []


Underfull \hbox (badness 10000) in paragraph at lines 232--235
\T1/cmr/m/n/12 tion Test Con-trollers, []$\T1/cmtt/m/n/12 https :
 []


Underfull \hbox (badness 10000) in paragraph at lines 232--235
\T1/cmtt/m/n/12 / / www . crystalinstruments . com /
 []


Overfull \hbox (9.32408pt too wide) in paragraph at lines 232--235
\T1/cmtt/m/n/12 history-[]of-[]vibration-[]test-[]controllers$[]
 []


Underfull \hbox (badness 4254) in paragraph at lines 252--258
\T1/cmr/m/n/12 on the dead-beat method, Jour-nal of
 []


Underfull \hbox (badness 2103) in paragraph at lines 252--258
\T1/cmr/m/n/12 the Franklin In-sti-tute 362 (12) (2025)
 []


Underfull \hbox (badness 10000) in paragraph at lines 260--264
[]\T1/cmr/m/n/12 O. Hu-ber, V. Acary, B. Brogliato,
 []


Underfull \hbox (badness 1931) in paragraph at lines 260--264
\T1/cmr/m/n/12 F. Plestan, Discrete-time twist-ing con-
 []


Underfull \hbox (badness 10000) in paragraph at lines 260--264
\T1/cmr/m/n/12 troller with-out nu-mer-i-cal chat-ter-ing:
 []




Underfull \hbox (badness 1320) in paragraph at lines 266--269
\T1/cmr/m/n/12 punov sta-bil-ity anal-y-sis of the im-plicit
 []


Underfull \hbox (badness 1377) in paragraph at lines 266--269
\T1/cmr/m/n/12 discrete-time twist-ing con-trol al-go-rithm,
 []


Underfull \hbox (badness 3579) in paragraph at lines 271--275
\T1/cmr/m/n/12 Implicit-euler im-ple-men-ta-tion of super-
 []

)

[23] (./elsarticle-template-num.aux)
 ***********
LaTeX2e <2024-11-01> patch level 2
L3 programming layer <2025-01-18>
 ***********
Package rerunfilecheck Info: File `elsarticle-template-num.out' has not changed
.
(rerunfilecheck)             Checksum: 85B2143712DE098882FA0EEF433636A1;4914.
 ) 
Here is how much of TeX's memory you used:
 16476 strings out of 473190
 271387 string characters out of 5719980
 733371 words of memory out of 5000000
 39280 multiletter control sequences out of 15000+600000
 577704 words of font info for 87 fonts, out of 8000000 for 9000
 1141 hyphenation exceptions out of 8191
 75i,16n,79p,1801b,687s stack positions out of 10000i,1000n,20000p,200000b,200000s
<c:/texlive/2025/texmf-dist/fonts/type1/public/amsfonts/cm/cmbsy10.pfb><c:/te
xlive/2025/texmf-dist/fonts/type1/public/amsfonts/cm/cmbx12.pfb><c:/texlive/202
5/texmf-dist/fonts/type1/public/amsfonts/cm/cmbx8.pfb><c:/texlive/2025/texmf-di
st/fonts/type1/public/amsfonts/cm/cmex10.pfb><c:/texlive/2025/texmf-dist/fonts/
type1/public/amsfonts/cm/cmmi10.pfb><c:/texlive/2025/texmf-dist/fonts/type1/pub
lic/amsfonts/cm/cmmi12.pfb><c:/texlive/2025/texmf-dist/fonts/type1/public/amsfo
nts/cm/cmmi6.pfb><c:/texlive/2025/texmf-dist/fonts/type1/public/amsfonts/cm/cmm
i7.pfb><c:/texlive/2025/texmf-dist/fonts/type1/public/amsfonts/cm/cmmi8.pfb><c:
/texlive/2025/texmf-dist/fonts/type1/public/amsfonts/cm/cmmib10.pfb><c:/texlive
/2025/texmf-dist/fonts/type1/public/amsfonts/cmextra/cmmib8.pfb><c:/texlive/202
5/texmf-dist/fonts/type1/public/amsfonts/cm/cmr10.pfb><c:/texlive/2025/texmf-di
st/fonts/type1/public/amsfonts/cm/cmr12.pfb><c:/texlive/2025/texmf-dist/fonts/t
ype1/public/amsfonts/cm/cmr6.pfb><c:/texlive/2025/texmf-dist/fonts/type1/public
/amsfonts/cm/cmr7.pfb><c:/texlive/2025/texmf-dist/fonts/type1/public/amsfonts/c
m/cmr8.pfb><c:/texlive/2025/texmf-dist/fonts/type1/public/amsfonts/cm/cmsy10.pf
b><c:/texlive/2025/texmf-dist/fonts/type1/public/amsfonts/cm/cmsy6.pfb><c:/texl
ive/2025/texmf-dist/fonts/type1/public/amsfonts/cm/cmsy7.pfb><c:/texlive/2025/t
exmf-dist/fonts/type1/public/amsfonts/cm/cmsy8.pfb><c:/texlive/2025/texmf-dist/
fonts/type1/public/amsfonts/symbols/msam10.pfb><c:/texlive/2025/texmf-dist/font
s/type1/public/amsfonts/symbols/msbm10.pfb><c:/texlive/2025/texmf-dist/fonts/ty
pe1/public/tex-gyre/qcrr.pfb><c:/texlive/2025/texmf-dist/fonts/type1/public/cm-
super/sfbi1200.pfb><c:/texlive/2025/texmf-dist/fonts/type1/public/cm-super/sfbx
1200.pfb><c:/texlive/2025/texmf-dist/fonts/type1/public/cm-super/sfrm0700.pfb><
c:/texlive/2025/texmf-dist/fonts/type1/public/cm-super/sfrm0800.pfb><c:/texlive
/2025/texmf-dist/fonts/type1/public/cm-super/sfrm1000.pfb><c:/texlive/2025/texm
f-dist/fonts/type1/public/cm-super/sfrm1200.pfb><c:/texlive/2025/texmf-dist/fon
ts/type1/public/cm-super/sfrm1728.pfb><c:/texlive/2025/texmf-dist/fonts/type1/p
ublic/cm-super/sfti0700.pfb><c:/texlive/2025/texmf-dist/fonts/type1/public/cm-s
uper/sfti1000.pfb><c:/texlive/2025/texmf-dist/fonts/type1/public/cm-super/sfti1
200.pfb><c:/texlive/2025/texmf-dist/fonts/type1/public/cm-super/sftt1000.pfb><c
:/texlive/2025/texmf-dist/fonts/type1/public/cm-super/sftt1200.pfb>
Output written on elsarticle-template-num.pdf (25 pages, 1991477 bytes).
PDF statistics:
 1088 PDF objects out of 1200 (max. 8388607)
 950 compressed objects within 10 object streams
 227 named destinations out of 1000 (max. 500000)
 258 words of extra memory for PDF output out of 10000 (max. 10000000)

